-------------------------------------------
Batch: 0
-------------------------------------------
+--------------------+-----+
|            customer|score|
+--------------------+-----+
|Danny.Habschied@t...|-22.5|
|Santosh.Davis@tes...| -6.5|
|Jacob.Smith@test.com|  2.0|
|Bobby.Lincoln@tes...|-10.0|
|Jacob.Clark@test.com| -6.0|
|Jacob.Jones@test.com| -3.5|
|Ben.Fibonnaci@tes...| -4.5|
|Jerry.Hansen@test...| -5.0|
|Jane.Jefferson@te...| -4.0|
| Sean.Clark@test.com| -1.0|
|David.Harris@test...| -2.5|
|Edward.Clayton@te...| -3.5|
|Suresh.Smith@test...| -4.0|
|Frank.Ahmed@test.com| -4.0|
|Sarah.Khatib@test...| 30.0|
|Larry.Harris@test...|-33.0|
|Eric.Phillips@tes...|-22.0|
|Chris.Davis@test.com| -4.5|
|Sarah.Doshi@test.com|-34.5|
|Larry.Jackson@tes...|-16.0|
+--------------------+-----+
only showing top 20 rows

-------------------------------------------
Batch: 1
-------------------------------------------
+--------------------+-----+
|            customer|score|
+--------------------+-----+
|Spencer.Anandh@te...| -5.5|
|Travis.Olson@test...|-14.5|
|Angie.Anandh@test...| -9.0|
|Travis.Davis@test...|  7.5|
|Edward.Jefferson@...|  8.0|
|Danny.Aristotle@t...| 15.0|
+--------------------+-----+

-------------------------------------------
Batch: 2
-------------------------------------------
+--------------------+-----+
|            customer|score|
+--------------------+-----+
|Santosh.Jackson@t...| -4.0|
+--------------------+-----+

-------------------------------------------
Batch: 3
-------------------------------------------
+--------------------+-----+
|            customer|score|
+--------------------+-----+
|Travis.Habschied@...| -4.5|
+--------------------+-----+

-------------------------------------------
Batch: 4
-------------------------------------------
+--------------------+-----+
|            customer|score|
+--------------------+-----+
|Spencer.Jones@tes...| -2.5|
+--------------------+-----+

-------------------------------------------
Batch: 5
-------------------------------------------
+--------------------+-----+
|            customer|score|
+--------------------+-----+
|Suresh.Aristotle@...| -2.5|
+--------------------+-----+

-------------------------------------------
Batch: 6
-------------------------------------------
+-------------------+-----+
|           customer|score|
+-------------------+-----+
|Senthil.Wu@test.com| -2.5|
+-------------------+-----+

-------------------------------------------
Batch: 7
-------------------------------------------
+--------------------+-----+
|            customer|score|
+--------------------+-----+
|Frank.Anderson@te...| -3.0|
+--------------------+-----+

-------------------------------------------
Batch: 8
-------------------------------------------
+--------------------+-----+
|            customer|score|
+--------------------+-----+
|Sarah.Olson@test.com| -2.5|
+--------------------+-----+

-------------------------------------------
Batch: 9
-------------------------------------------
+--------------------+-----+
|            customer|score|
+--------------------+-----+
|Edward.Aristotle@...| -1.5|
+--------------------+-----+

