-------------------------------------------
Batch: 0
-------------------------------------------
+-------------------------+---------+
|email                    |birthYear|
+-------------------------+---------+
|Jane.Olson@test.com      |1964     |
|Jacob.Khatib@test.com    |1963     |
|Senthil.Khatib@test.com  |1962     |
|Dan.Mitra@test.com       |1961     |
|Eric.Gonzalez@test.com   |1960     |
|charlesb@test.com        |1997     |
|Santosh.Khatib@test.com  |1959     |
|Travis.Howard@test.com   |1957     |
|Larry.Mitra@test.com     |1956     |
|Angie.Jones@test.com     |1955     |
|Edward.Khatib@test.com   |1954     |
|John.Huey@test.com       |1953     |
|Travis.Fibonnaci@test.com|1952     |
|Lyn.Olson@test.com       |1950     |
|charlesb@test.com        |1997     |
|Danny.Doshi@test.com     |1949     |
|Neeraj.Jefferson@test.com|1947     |
|Eric.Huey@test.com       |1946     |
|Frank.Abram@test.com     |1945     |
|Gail.Clark@test.com      |1944     |
+-------------------------+---------+
only showing top 20 rows

-------------------------------------------
Batch: 1
-------------------------------------------
+-----------------------+---------+
|email                  |birthYear|
+-----------------------+---------+
|Jane.Olson@test.com    |1964     |
|Jacob.Khatib@test.com  |1963     |
|Senthil.Khatib@test.com|1962     |
|Dan.Mitra@test.com     |1961     |
|Eric.Gonzalez@test.com |1960     |
|Santosh.Khatib@test.com|1959     |
|Travis.Howard@test.com |1957     |
+-----------------------+---------+

-------------------------------------------
Batch: 2
-------------------------------------------
+--------------------+---------+
|email               |birthYear|
+--------------------+---------+
|Larry.Mitra@test.com|1956     |
+--------------------+---------+

-------------------------------------------
Batch: 3
-------------------------------------------
+--------------------+---------+
|email               |birthYear|
+--------------------+---------+
|Angie.Jones@test.com|1955     |
+--------------------+---------+

-------------------------------------------
Batch: 4
-------------------------------------------
+----------------------+---------+
|email                 |birthYear|
+----------------------+---------+
|Edward.Khatib@test.com|1954     |
+----------------------+---------+

-------------------------------------------
Batch: 5
-------------------------------------------
+------------------+---------+
|email             |birthYear|
+------------------+---------+
|John.Huey@test.com|1953     |
+------------------+---------+

-------------------------------------------
Batch: 6
-------------------------------------------
+-------------------------+---------+
|email                    |birthYear|
+-------------------------+---------+
|Travis.Fibonnaci@test.com|1952     |
+-------------------------+---------+

-------------------------------------------
Batch: 7
-------------------------------------------
+------------------+---------+
|email             |birthYear|
+------------------+---------+
|Lyn.Olson@test.com|1950     |
+------------------+---------+

-------------------------------------------
Batch: 8
-------------------------------------------
+--------------------+---------+
|email               |birthYear|
+--------------------+---------+
|Danny.Doshi@test.com|1949     |
+--------------------+---------+

-------------------------------------------
Batch: 9
-------------------------------------------
+-------------------------+---------+
|email                    |birthYear|
+-------------------------+---------+
|Neeraj.Jefferson@test.com|1947     |
+-------------------------+---------+

-------------------------------------------
Batch: 10
-------------------------------------------
+------------------+---------+
|email             |birthYear|
+------------------+---------+
|Eric.Huey@test.com|1946     |
+------------------+---------+

-------------------------------------------
Batch: 11
-------------------------------------------
+--------------------+---------+
|email               |birthYear|
+--------------------+---------+
|Frank.Abram@test.com|1945     |
+--------------------+---------+

-------------------------------------------
Batch: 12
-------------------------------------------
+-------------------+---------+
|email              |birthYear|
+-------------------+---------+
|Gail.Clark@test.com|1944     |
+-------------------+---------+

-------------------------------------------
Batch: 13
-------------------------------------------
+------------------------+---------+
|email                   |birthYear|
+------------------------+---------+
|Frank.Fibonnaci@test.com|1943     |
+------------------------+---------+

-------------------------------------------
Batch: 14
-------------------------------------------
+---------------------+---------+
|email                |birthYear|
+---------------------+---------+
|Dan.Anderson@test.com|1942     |
+---------------------+---------+

-------------------------------------------
Batch: 15
-------------------------------------------
+----------------------+---------+
|email                 |birthYear|
+----------------------+---------+
|Spencer.Mitra@test.com|1941     |
+----------------------+---------+

-------------------------------------------
Batch: 16
-------------------------------------------
+-----------------------+---------+
|email                  |birthYear|
+-----------------------+---------+
|Bobby.Gonzalez@test.com|1939     |
+-----------------------+---------+

-------------------------------------------
Batch: 17
-------------------------------------------
+----------------------+---------+
|email                 |birthYear|
+----------------------+---------+
|Ashley.Howard@test.com|1938     |
+----------------------+---------+

-------------------------------------------
Batch: 18
-------------------------------------------
+----------------------+---------+
|email                 |birthYear|
+----------------------+---------+
|Ben.Aristotle@test.com|1937     |
+----------------------+---------+

-------------------------------------------
Batch: 19
-------------------------------------------
+-------------------+---------+
|email              |birthYear|
+-------------------+---------+
|Jane.Olson@test.com|1964     |
+-------------------+---------+

-------------------------------------------
Batch: 20
-------------------------------------------
+---------------------+---------+
|email                |birthYear|
+---------------------+---------+
|Jacob.Khatib@test.com|1963     |
+---------------------+---------+

-------------------------------------------
Batch: 21
-------------------------------------------
+-----------------------+---------+
|email                  |birthYear|
+-----------------------+---------+
|Senthil.Khatib@test.com|1962     |
+-----------------------+---------+

-------------------------------------------
Batch: 22
-------------------------------------------
+------------------+---------+
|email             |birthYear|
+------------------+---------+
|Dan.Mitra@test.com|1961     |
+------------------+---------+

-------------------------------------------
Batch: 23
-------------------------------------------
+----------------------+---------+
|email                 |birthYear|
+----------------------+---------+
|Eric.Gonzalez@test.com|1960     |
+----------------------+---------+

-------------------------------------------
Batch: 24
-------------------------------------------
+-----------------------+---------+
|email                  |birthYear|
+-----------------------+---------+
|Santosh.Khatib@test.com|1959     |
+-----------------------+---------+

-------------------------------------------
Batch: 25
-------------------------------------------
+----------------------+---------+
|email                 |birthYear|
+----------------------+---------+
|Travis.Howard@test.com|1957     |
+----------------------+---------+

-------------------------------------------
Batch: 26
-------------------------------------------
+--------------------+---------+
|email               |birthYear|
+--------------------+---------+
|Larry.Mitra@test.com|1956     |
+--------------------+---------+

-------------------------------------------
Batch: 27
-------------------------------------------
+--------------------+---------+
|email               |birthYear|
+--------------------+---------+
|Angie.Jones@test.com|1955     |
+--------------------+---------+

-------------------------------------------
Batch: 28
-------------------------------------------
+----------------------+---------+
|email                 |birthYear|
+----------------------+---------+
|Edward.Khatib@test.com|1954     |
+----------------------+---------+

-------------------------------------------
Batch: 29
-------------------------------------------
+------------------+---------+
|email             |birthYear|
+------------------+---------+
|John.Huey@test.com|1953     |
+------------------+---------+

-------------------------------------------
Batch: 30
-------------------------------------------
+-------------------------+---------+
|email                    |birthYear|
+-------------------------+---------+
|Travis.Fibonnaci@test.com|1952     |
+-------------------------+---------+

-------------------------------------------
Batch: 31
-------------------------------------------
+------------------+---------+
|email             |birthYear|
+------------------+---------+
|Lyn.Olson@test.com|1950     |
+------------------+---------+

-------------------------------------------
Batch: 32
-------------------------------------------
+--------------------+---------+
|email               |birthYear|
+--------------------+---------+
|Danny.Doshi@test.com|1949     |
+--------------------+---------+

-------------------------------------------
Batch: 33
-------------------------------------------
+-------------------------+---------+
|email                    |birthYear|
+-------------------------+---------+
|Neeraj.Jefferson@test.com|1947     |
+-------------------------+---------+

-------------------------------------------
Batch: 34
-------------------------------------------
+------------------+---------+
|email             |birthYear|
+------------------+---------+
|Eric.Huey@test.com|1946     |
+------------------+---------+

-------------------------------------------
Batch: 35
-------------------------------------------
+--------------------+---------+
|email               |birthYear|
+--------------------+---------+
|Frank.Abram@test.com|1945     |
+--------------------+---------+

-------------------------------------------
Batch: 36
-------------------------------------------
+-------------------+---------+
|email              |birthYear|
+-------------------+---------+
|Gail.Clark@test.com|1944     |
+-------------------+---------+

