Spark Command: /usr/lib/jvm/java-8-openjdk-amd64/jre/bin/java -cp /opt/spark-2.3.4-bin-hadoop2.7/conf/:/opt/spark-2.3.4-bin-hadoop2.7/jars/* -Xmx1g org.apache.spark.deploy.worker.Worker --webui-port 8081 spark://bdfe831a4dbf:7077
========================================
2022-05-25 14:39:08 INFO  Worker:2612 - Started daemon with process name: 1975@bdfe831a4dbf
2022-05-25 14:39:08 INFO  SignalUtils:54 - Registered signal handler for TERM
2022-05-25 14:39:08 INFO  SignalUtils:54 - Registered signal handler for HUP
2022-05-25 14:39:08 INFO  SignalUtils:54 - Registered signal handler for INT
2022-05-25 14:39:09 WARN  NativeCodeLoader:62 - Unable to load native-hadoop library for your platform... using builtin-java classes where applicable
2022-05-25 14:39:10 INFO  SecurityManager:54 - Changing view acls to: root
2022-05-25 14:39:10 INFO  SecurityManager:54 - Changing modify acls to: root
2022-05-25 14:39:10 INFO  SecurityManager:54 - Changing view acls groups to: 
2022-05-25 14:39:10 INFO  SecurityManager:54 - Changing modify acls groups to: 
2022-05-25 14:39:10 INFO  SecurityManager:54 - SecurityManager: authentication disabled; ui acls disabled; users  with view permissions: Set(root); groups with view permissions: Set(); users  with modify permissions: Set(root); groups with modify permissions: Set()
2022-05-25 14:39:11 INFO  Utils:54 - Successfully started service 'sparkWorker' on port 44737.
2022-05-25 14:39:12 INFO  Worker:54 - Starting Spark worker 172.18.0.2:44737 with 2 cores, 6.3 GB RAM
2022-05-25 14:39:12 INFO  Worker:54 - Running Spark version 2.3.4
2022-05-25 14:39:12 INFO  Worker:54 - Spark home: /opt/spark-2.3.4-bin-hadoop2.7
2022-05-25 14:39:12 INFO  log:192 - Logging initialized @8061ms
2022-05-25 14:39:13 INFO  Server:351 - jetty-9.3.z-SNAPSHOT, build timestamp: unknown, git hash: unknown
2022-05-25 14:39:13 INFO  Server:419 - Started @8358ms
2022-05-25 14:39:13 WARN  Utils:66 - Service 'WorkerUI' could not bind on port 8081. Attempting port 8082.
2022-05-25 14:39:13 WARN  Utils:66 - Service 'WorkerUI' could not bind on port 8082. Attempting port 8083.
2022-05-25 14:39:13 WARN  Utils:66 - Service 'WorkerUI' could not bind on port 8083. Attempting port 8084.
2022-05-25 14:39:13 INFO  AbstractConnector:278 - Started ServerConnector@70b645ed{HTTP/1.1,[http/1.1]}{0.0.0.0:8084}
2022-05-25 14:39:13 INFO  Utils:54 - Successfully started service 'WorkerUI' on port 8084.
2022-05-25 14:39:13 INFO  ContextHandler:781 - Started o.s.j.s.ServletContextHandler@4131a387{/logPage,null,AVAILABLE,@Spark}
2022-05-25 14:39:13 INFO  ContextHandler:781 - Started o.s.j.s.ServletContextHandler@2f040679{/logPage/json,null,AVAILABLE,@Spark}
2022-05-25 14:39:13 INFO  ContextHandler:781 - Started o.s.j.s.ServletContextHandler@4d26ba82{/,null,AVAILABLE,@Spark}
2022-05-25 14:39:13 INFO  ContextHandler:781 - Started o.s.j.s.ServletContextHandler@1d730708{/json,null,AVAILABLE,@Spark}
2022-05-25 14:39:13 INFO  ContextHandler:781 - Started o.s.j.s.ServletContextHandler@124bed11{/static,null,AVAILABLE,@Spark}
2022-05-25 14:39:13 INFO  ContextHandler:781 - Started o.s.j.s.ServletContextHandler@15097e2e{/log,null,AVAILABLE,@Spark}
2022-05-25 14:39:13 INFO  WorkerWebUI:54 - Bound WorkerWebUI to 0.0.0.0, and started at http://bdfe831a4dbf:8084
2022-05-25 14:39:13 INFO  Worker:54 - Connecting to master bdfe831a4dbf:7077...
2022-05-25 14:39:13 INFO  ContextHandler:781 - Started o.s.j.s.ServletContextHandler@8262fe{/metrics/json,null,AVAILABLE,@Spark}
2022-05-25 14:39:13 INFO  TransportClientFactory:267 - Successfully created connection to bdfe831a4dbf/172.18.0.2:7077 after 215 ms (0 ms spent in bootstraps)
2022-05-25 14:39:14 INFO  Worker:54 - Successfully registered with master spark://bdfe831a4dbf:7077
